[I 11:50:17.047 NotebookApp] JupyterLab extension loaded from /home/jguijarh/anaconda3/lib/python3.7/site-packages/jupyterlab
[I 11:50:17.047 NotebookApp] JupyterLab application directory is /home/jguijarh/anaconda3/share/jupyter/lab
[I 11:50:17.052 NotebookApp] Serving notebooks from local directory: /home/jguijarh/Desktop/arvato-project
[I 11:50:17.052 NotebookApp] The Jupyter Notebook is running at:
[I 11:50:17.052 NotebookApp] http://localhost:8888/?token=6f536012ee1b789b33ca2fa23f10c5a503be13ca7079d574
[I 11:50:17.052 NotebookApp]  or http://127.0.0.1:8888/?token=6f536012ee1b789b33ca2fa23f10c5a503be13ca7079d574
[I 11:50:17.052 NotebookApp] Use Control-C to stop this server and shut down all kernels (twice to skip confirmation).
[C 11:50:17.122 NotebookApp] 
    
    To access the notebook, open this file in a browser:
        file:///home/jguijarh/.local/share/jupyter/runtime/nbserver-3045-open.html
    Or copy and paste one of these URLs:
        http://localhost:8888/?token=6f536012ee1b789b33ca2fa23f10c5a503be13ca7079d574
     or http://127.0.0.1:8888/?token=6f536012ee1b789b33ca2fa23f10c5a503be13ca7079d574
[W 11:50:25.670 NotebookApp] Notebook notebooks/1_Data_Exploration.ipynb is not trusted
[W 11:50:25.799 NotebookApp] 404 GET /nbextensions/pydeck/extension.js?v=20200502115016 (127.0.0.1) 12.97ms referer=http://localhost:8888/notebooks/notebooks/1_Data_Exploration.ipynb
[I 11:50:28.602 NotebookApp] Kernel started: 7c4c862f-b0e9-4012-992c-04e25f0cde18
[W 11:50:28.684 NotebookApp] 404 GET /nbextensions/widgets/notebook/js/extension.js?v=20200502115016 (127.0.0.1) 2.10ms referer=http://localhost:8888/notebooks/notebooks/1_Data_Exploration.ipynb
[I 11:52:28.622 NotebookApp] Saving file at /notebooks/1_Data_Exploration.ipynb
[W 11:52:28.624 NotebookApp] Notebook notebooks/1_Data_Exploration.ipynb is not trusted
[I 11:54:28.634 NotebookApp] Saving file at /notebooks/1_Data_Exploration.ipynb
[W 11:54:28.636 NotebookApp] Notebook notebooks/1_Data_Exploration.ipynb is not trusted
[I 11:56:28.630 NotebookApp] Saving file at /notebooks/1_Data_Exploration.ipynb
[W 11:56:28.634 NotebookApp] Notebook notebooks/1_Data_Exploration.ipynb is not trusted
[I 12:16:28.828 NotebookApp] Saving file at /notebooks/1_Data_Exploration.ipynb
[W 12:16:28.832 NotebookApp] Notebook notebooks/1_Data_Exploration.ipynb is not trusted
[I 12:18:28.856 NotebookApp] Saving file at /notebooks/1_Data_Exploration.ipynb
[W 12:18:28.860 NotebookApp] Notebook notebooks/1_Data_Exploration.ipynb is not trusted
[I 12:20:28.834 NotebookApp] Saving file at /notebooks/1_Data_Exploration.ipynb
[W 12:20:28.836 NotebookApp] Notebook notebooks/1_Data_Exploration.ipynb is not trusted
[I 12:22:28.864 NotebookApp] Saving file at /notebooks/1_Data_Exploration.ipynb
[W 12:22:28.867 NotebookApp] Notebook notebooks/1_Data_Exploration.ipynb is not trusted
[I 12:30:28.856 NotebookApp] Saving file at /notebooks/1_Data_Exploration.ipynb
[W 12:30:28.886 NotebookApp] Notebook notebooks/1_Data_Exploration.ipynb is not trusted
[I 12:32:28.880 NotebookApp] Saving file at /notebooks/1_Data_Exploration.ipynb
[W 12:32:28.886 NotebookApp] Notebook notebooks/1_Data_Exploration.ipynb is not trusted
[I 12:34:28.933 NotebookApp] Saving file at /notebooks/1_Data_Exploration.ipynb
[W 12:34:28.938 NotebookApp] Notebook notebooks/1_Data_Exploration.ipynb is not trusted
[I 12:36:29.244 NotebookApp] Saving file at /notebooks/1_Data_Exploration.ipynb
[W 12:36:29.248 NotebookApp] Notebook notebooks/1_Data_Exploration.ipynb is not trusted
[I 12:38:28.884 NotebookApp] Saving file at /notebooks/1_Data_Exploration.ipynb
[W 12:38:28.887 NotebookApp] Notebook notebooks/1_Data_Exploration.ipynb is not trusted
[I 12:40:28.876 NotebookApp] Saving file at /notebooks/1_Data_Exploration.ipynb
[W 12:40:28.878 NotebookApp] Notebook notebooks/1_Data_Exploration.ipynb is not trusted
[I 12:42:28.849 NotebookApp] Saving file at /notebooks/1_Data_Exploration.ipynb
[W 12:42:28.851 NotebookApp] Notebook notebooks/1_Data_Exploration.ipynb is not trusted
[I 12:44:28.878 NotebookApp] Saving file at /notebooks/1_Data_Exploration.ipynb
[W 12:44:28.880 NotebookApp] Notebook notebooks/1_Data_Exploration.ipynb is not trusted
[I 12:46:28.882 NotebookApp] Saving file at /notebooks/1_Data_Exploration.ipynb
[W 12:46:28.886 NotebookApp] Notebook notebooks/1_Data_Exploration.ipynb is not trusted
[I 12:48:28.858 NotebookApp] Saving file at /notebooks/1_Data_Exploration.ipynb
[W 12:48:28.861 NotebookApp] Notebook notebooks/1_Data_Exploration.ipynb is not trusted
[I 12:50:28.893 NotebookApp] Saving file at /notebooks/1_Data_Exploration.ipynb
[W 12:50:28.896 NotebookApp] Notebook notebooks/1_Data_Exploration.ipynb is not trusted
[I 12:52:28.904 NotebookApp] Saving file at /notebooks/1_Data_Exploration.ipynb
[W 12:52:28.907 NotebookApp] Notebook notebooks/1_Data_Exploration.ipynb is not trusted
[I 12:54:28.899 NotebookApp] Saving file at /notebooks/1_Data_Exploration.ipynb
[W 12:54:28.904 NotebookApp] Notebook notebooks/1_Data_Exploration.ipynb is not trusted
[I 12:56:29.003 NotebookApp] Saving file at /notebooks/1_Data_Exploration.ipynb
[W 12:56:29.012 NotebookApp] Notebook notebooks/1_Data_Exploration.ipynb is not trusted
[I 12:58:28.901 NotebookApp] Saving file at /notebooks/1_Data_Exploration.ipynb
[W 12:58:28.903 NotebookApp] Notebook notebooks/1_Data_Exploration.ipynb is not trusted
[I 13:00:29.007 NotebookApp] Saving file at /notebooks/1_Data_Exploration.ipynb
[W 13:00:29.009 NotebookApp] Notebook notebooks/1_Data_Exploration.ipynb is not trusted
[I 13:02:28.912 NotebookApp] Saving file at /notebooks/1_Data_Exploration.ipynb
[W 13:02:28.914 NotebookApp] Notebook notebooks/1_Data_Exploration.ipynb is not trusted
[I 13:04:29.376 NotebookApp] Saving file at /notebooks/1_Data_Exploration.ipynb
[W 13:04:29.382 NotebookApp] Notebook notebooks/1_Data_Exploration.ipynb is not trusted
[I 13:06:29.408 NotebookApp] Saving file at /notebooks/1_Data_Exploration.ipynb
[W 13:06:29.418 NotebookApp] Notebook notebooks/1_Data_Exploration.ipynb is not trusted
[I 13:08:29.337 NotebookApp] Saving file at /notebooks/1_Data_Exploration.ipynb
[W 13:08:29.349 NotebookApp] Notebook notebooks/1_Data_Exploration.ipynb is not trusted
[I 13:10:28.952 NotebookApp] Saving file at /notebooks/1_Data_Exploration.ipynb
[W 13:10:28.955 NotebookApp] Notebook notebooks/1_Data_Exploration.ipynb is not trusted
[I 13:12:28.941 NotebookApp] Saving file at /notebooks/1_Data_Exploration.ipynb
[W 13:12:28.945 NotebookApp] Notebook notebooks/1_Data_Exploration.ipynb is not trusted
[I 13:14:28.951 NotebookApp] Saving file at /notebooks/1_Data_Exploration.ipynb
[W 13:14:28.955 NotebookApp] Notebook notebooks/1_Data_Exploration.ipynb is not trusted
[I 13:16:29.016 NotebookApp] Saving file at /notebooks/1_Data_Exploration.ipynb
[W 13:16:29.018 NotebookApp] Notebook notebooks/1_Data_Exploration.ipynb is not trusted
[I 13:18:28.930 NotebookApp] Saving file at /notebooks/1_Data_Exploration.ipynb
[W 13:18:28.933 NotebookApp] Notebook notebooks/1_Data_Exploration.ipynb is not trusted
[I 13:20:28.947 NotebookApp] Saving file at /notebooks/1_Data_Exploration.ipynb
[W 13:20:28.950 NotebookApp] Notebook notebooks/1_Data_Exploration.ipynb is not trusted
[I 13:22:28.921 NotebookApp] Saving file at /notebooks/1_Data_Exploration.ipynb
[W 13:22:28.922 NotebookApp] Notebook notebooks/1_Data_Exploration.ipynb is not trusted
[I 13:24:29.133 NotebookApp] Saving file at /notebooks/1_Data_Exploration.ipynb
[W 13:24:29.153 NotebookApp] Notebook notebooks/1_Data_Exploration.ipynb is not trusted
[I 13:26:28.949 NotebookApp] Saving file at /notebooks/1_Data_Exploration.ipynb
[W 13:26:28.952 NotebookApp] Notebook notebooks/1_Data_Exploration.ipynb is not trusted
[I 13:28:28.945 NotebookApp] Saving file at /notebooks/1_Data_Exploration.ipynb
[W 13:28:28.950 NotebookApp] Notebook notebooks/1_Data_Exploration.ipynb is not trusted
[I 13:30:28.930 NotebookApp] Saving file at /notebooks/1_Data_Exploration.ipynb
[W 13:30:28.932 NotebookApp] Notebook notebooks/1_Data_Exploration.ipynb is not trusted
[I 13:32:28.930 NotebookApp] Saving file at /notebooks/1_Data_Exploration.ipynb
[W 13:32:28.932 NotebookApp] Notebook notebooks/1_Data_Exploration.ipynb is not trusted
[I 13:34:28.950 NotebookApp] Saving file at /notebooks/1_Data_Exploration.ipynb
[W 13:34:28.952 NotebookApp] Notebook notebooks/1_Data_Exploration.ipynb is not trusted
[I 13:36:28.944 NotebookApp] Saving file at /notebooks/1_Data_Exploration.ipynb
[W 13:36:28.945 NotebookApp] Notebook notebooks/1_Data_Exploration.ipynb is not trusted
[I 13:38:29.073 NotebookApp] Saving file at /notebooks/1_Data_Exploration.ipynb
[W 13:38:29.093 NotebookApp] Notebook notebooks/1_Data_Exploration.ipynb is not trusted
[I 13:40:28.981 NotebookApp] Saving file at /notebooks/1_Data_Exploration.ipynb
[W 13:40:28.987 NotebookApp] Notebook notebooks/1_Data_Exploration.ipynb is not trusted
[I 13:42:28.956 NotebookApp] Saving file at /notebooks/1_Data_Exploration.ipynb
[W 13:42:28.959 NotebookApp] Notebook notebooks/1_Data_Exploration.ipynb is not trusted
[I 13:44:28.937 NotebookApp] Saving file at /notebooks/1_Data_Exploration.ipynb
[W 13:44:28.938 NotebookApp] Notebook notebooks/1_Data_Exploration.ipynb is not trusted
[I 13:46:28.941 NotebookApp] Saving file at /notebooks/1_Data_Exploration.ipynb
[W 13:46:28.943 NotebookApp] Notebook notebooks/1_Data_Exploration.ipynb is not trusted
[I 13:48:28.938 NotebookApp] Saving file at /notebooks/1_Data_Exploration.ipynb
[W 13:48:28.941 NotebookApp] Notebook notebooks/1_Data_Exploration.ipynb is not trusted
[I 13:56:28.981 NotebookApp] Saving file at /notebooks/1_Data_Exploration.ipynb
[W 13:56:28.984 NotebookApp] Notebook notebooks/1_Data_Exploration.ipynb is not trusted
[I 13:58:28.960 NotebookApp] Saving file at /notebooks/1_Data_Exploration.ipynb
[W 13:58:28.962 NotebookApp] Notebook notebooks/1_Data_Exploration.ipynb is not trusted
[I 14:00:28.964 NotebookApp] Saving file at /notebooks/1_Data_Exploration.ipynb
[W 14:00:28.967 NotebookApp] Notebook notebooks/1_Data_Exploration.ipynb is not trusted
[I 14:02:28.986 NotebookApp] Saving file at /notebooks/1_Data_Exploration.ipynb
[W 14:02:28.989 NotebookApp] Notebook notebooks/1_Data_Exploration.ipynb is not trusted
[I 14:08:29.205 NotebookApp] Saving file at /notebooks/1_Data_Exploration.ipynb
[W 14:08:29.223 NotebookApp] Notebook notebooks/1_Data_Exploration.ipynb is not trusted
[I 14:10:29.062 NotebookApp] Saving file at /notebooks/1_Data_Exploration.ipynb
[W 14:10:29.066 NotebookApp] Notebook notebooks/1_Data_Exploration.ipynb is not trusted
[I 14:12:29.048 NotebookApp] Saving file at /notebooks/1_Data_Exploration.ipynb
[W 14:12:29.050 NotebookApp] Notebook notebooks/1_Data_Exploration.ipynb is not trusted
[I 14:14:29.078 NotebookApp] Saving file at /notebooks/1_Data_Exploration.ipynb
[W 14:14:29.081 NotebookApp] Notebook notebooks/1_Data_Exploration.ipynb is not trusted
[I 14:16:29.121 NotebookApp] Saving file at /notebooks/1_Data_Exploration.ipynb
[W 14:16:29.127 NotebookApp] Notebook notebooks/1_Data_Exploration.ipynb is not trusted
[I 14:18:29.084 NotebookApp] Saving file at /notebooks/1_Data_Exploration.ipynb
[W 14:18:29.087 NotebookApp] Notebook notebooks/1_Data_Exploration.ipynb is not trusted
[I 14:44:29.177 NotebookApp] Saving file at /notebooks/1_Data_Exploration.ipynb
[W 14:44:29.180 NotebookApp] Notebook notebooks/1_Data_Exploration.ipynb is not trusted
[I 14:46:29.139 NotebookApp] Saving file at /notebooks/1_Data_Exploration.ipynb
[W 14:46:29.141 NotebookApp] Notebook notebooks/1_Data_Exploration.ipynb is not trusted
[I 14:48:29.152 NotebookApp] Saving file at /notebooks/1_Data_Exploration.ipynb
[W 14:48:29.154 NotebookApp] Notebook notebooks/1_Data_Exploration.ipynb is not trusted
[I 14:50:29.216 NotebookApp] Saving file at /notebooks/1_Data_Exploration.ipynb
[W 14:50:29.220 NotebookApp] Notebook notebooks/1_Data_Exploration.ipynb is not trusted
[I 14:52:31.223 NotebookApp] Saving file at /notebooks/1_Data_Exploration.ipynb
[W 14:52:31.259 NotebookApp] Notebook notebooks/1_Data_Exploration.ipynb is not trusted
[I 14:54:29.272 NotebookApp] Saving file at /notebooks/1_Data_Exploration.ipynb
[W 14:54:29.276 NotebookApp] Notebook notebooks/1_Data_Exploration.ipynb is not trusted
[I 14:56:29.270 NotebookApp] Saving file at /notebooks/1_Data_Exploration.ipynb
[W 14:56:29.275 NotebookApp] Notebook notebooks/1_Data_Exploration.ipynb is not trusted
[I 14:58:29.269 NotebookApp] Saving file at /notebooks/1_Data_Exploration.ipynb
[W 14:58:29.272 NotebookApp] Notebook notebooks/1_Data_Exploration.ipynb is not trusted
[I 15:00:29.367 NotebookApp] Saving file at /notebooks/1_Data_Exploration.ipynb
[W 15:00:29.370 NotebookApp] Notebook notebooks/1_Data_Exploration.ipynb is not trusted
[I 15:02:29.295 NotebookApp] Saving file at /notebooks/1_Data_Exploration.ipynb
[W 15:02:29.298 NotebookApp] Notebook notebooks/1_Data_Exploration.ipynb is not trusted
[I 15:04:29.276 NotebookApp] Saving file at /notebooks/1_Data_Exploration.ipynb
[W 15:04:29.278 NotebookApp] Notebook notebooks/1_Data_Exploration.ipynb is not trusted
[I 15:05:49.630 NotebookApp] KernelRestarter: restarting kernel (1/5), keep random ports
kernel 7c4c862f-b0e9-4012-992c-04e25f0cde18 restarted
[I 15:06:00.415 NotebookApp] Starting buffering for 7c4c862f-b0e9-4012-992c-04e25f0cde18:99b7c97523bb43d7b789a57190ec7012
[I 15:06:00.901 NotebookApp] Kernel restarted: 7c4c862f-b0e9-4012-992c-04e25f0cde18
[I 15:06:01.695 NotebookApp] Restoring connection for 7c4c862f-b0e9-4012-992c-04e25f0cde18:99b7c97523bb43d7b789a57190ec7012
[I 15:06:01.699 NotebookApp] Replaying 6 buffered messages
[I 15:06:29.353 NotebookApp] Saving file at /notebooks/1_Data_Exploration.ipynb
[W 15:06:29.355 NotebookApp] Notebook notebooks/1_Data_Exploration.ipynb is not trusted
[I 15:08:29.298 NotebookApp] Saving file at /notebooks/1_Data_Exploration.ipynb
[W 15:08:29.301 NotebookApp] Notebook notebooks/1_Data_Exploration.ipynb is not trusted
[I 15:12:29.305 NotebookApp] Saving file at /notebooks/1_Data_Exploration.ipynb
[W 15:12:29.310 NotebookApp] Notebook notebooks/1_Data_Exploration.ipynb is not trusted
[I 15:14:29.370 NotebookApp] Saving file at /notebooks/1_Data_Exploration.ipynb
[W 15:14:29.374 NotebookApp] Notebook notebooks/1_Data_Exploration.ipynb is not trusted
[I 15:26:29.328 NotebookApp] Saving file at /notebooks/1_Data_Exploration.ipynb
[W 15:26:29.331 NotebookApp] Notebook notebooks/1_Data_Exploration.ipynb is not trusted
[I 15:28:29.323 NotebookApp] Saving file at /notebooks/1_Data_Exploration.ipynb
[W 15:28:29.326 NotebookApp] Notebook notebooks/1_Data_Exploration.ipynb is not trusted
[I 15:30:29.332 NotebookApp] Saving file at /notebooks/1_Data_Exploration.ipynb
[W 15:30:29.335 NotebookApp] Notebook notebooks/1_Data_Exploration.ipynb is not trusted
[I 15:44:29.488 NotebookApp] Saving file at /notebooks/1_Data_Exploration.ipynb
[W 15:44:29.491 NotebookApp] Notebook notebooks/1_Data_Exploration.ipynb is not trusted
[I 15:46:29.488 NotebookApp] Saving file at /notebooks/1_Data_Exploration.ipynb
[W 15:46:29.492 NotebookApp] Notebook notebooks/1_Data_Exploration.ipynb is not trusted
[I 15:47:09.112 NotebookApp] Creating new directory in /data/data_processed
[I 15:48:29.490 NotebookApp] Saving file at /notebooks/1_Data_Exploration.ipynb
[W 15:48:29.493 NotebookApp] Notebook notebooks/1_Data_Exploration.ipynb is not trusted
[I 15:52:29.489 NotebookApp] Saving file at /notebooks/1_Data_Exploration.ipynb
[W 15:52:29.492 NotebookApp] Notebook notebooks/1_Data_Exploration.ipynb is not trusted
[I 15:54:29.495 NotebookApp] Saving file at /notebooks/1_Data_Exploration.ipynb
[W 15:54:29.498 NotebookApp] Notebook notebooks/1_Data_Exploration.ipynb is not trusted
[I 15:56:29.505 NotebookApp] Saving file at /notebooks/1_Data_Exploration.ipynb
[W 15:56:29.508 NotebookApp] Notebook notebooks/1_Data_Exploration.ipynb is not trusted
[I 15:58:29.713 NotebookApp] Saving file at /notebooks/1_Data_Exploration.ipynb
[W 15:58:32.130 NotebookApp] Notebook notebooks/1_Data_Exploration.ipynb is not trusted
[I 16:00:29.505 NotebookApp] Saving file at /notebooks/1_Data_Exploration.ipynb
[W 16:00:29.508 NotebookApp] Notebook notebooks/1_Data_Exploration.ipynb is not trusted
[I 16:02:29.525 NotebookApp] Saving file at /notebooks/1_Data_Exploration.ipynb
[W 16:02:29.530 NotebookApp] Notebook notebooks/1_Data_Exploration.ipynb is not trusted
[I 16:04:29.531 NotebookApp] Saving file at /notebooks/1_Data_Exploration.ipynb
[W 16:04:29.535 NotebookApp] Notebook notebooks/1_Data_Exploration.ipynb is not trusted
[I 16:06:29.524 NotebookApp] Saving file at /notebooks/1_Data_Exploration.ipynb
[W 16:06:29.528 NotebookApp] Notebook notebooks/1_Data_Exploration.ipynb is not trusted
[I 16:08:29.530 NotebookApp] Saving file at /notebooks/1_Data_Exploration.ipynb
[W 16:08:29.534 NotebookApp] Notebook notebooks/1_Data_Exploration.ipynb is not trusted
[I 16:10:29.553 NotebookApp] Saving file at /notebooks/1_Data_Exploration.ipynb
[W 16:10:29.560 NotebookApp] Notebook notebooks/1_Data_Exploration.ipynb is not trusted
[I 16:12:29.532 NotebookApp] Saving file at /notebooks/1_Data_Exploration.ipynb
[W 16:12:29.547 NotebookApp] Notebook notebooks/1_Data_Exploration.ipynb is not trusted
[I 16:14:29.536 NotebookApp] Saving file at /notebooks/1_Data_Exploration.ipynb
[W 16:14:29.540 NotebookApp] Notebook notebooks/1_Data_Exploration.ipynb is not trusted
[I 16:16:29.529 NotebookApp] Saving file at /notebooks/1_Data_Exploration.ipynb
[W 16:16:29.532 NotebookApp] Notebook notebooks/1_Data_Exploration.ipynb is not trusted
[I 16:18:29.541 NotebookApp] Saving file at /notebooks/1_Data_Exploration.ipynb
[W 16:18:29.555 NotebookApp] Notebook notebooks/1_Data_Exploration.ipynb is not trusted
[I 16:20:29.544 NotebookApp] Saving file at /notebooks/1_Data_Exploration.ipynb
[W 16:20:29.551 NotebookApp] Notebook notebooks/1_Data_Exploration.ipynb is not trusted
[I 16:22:35.160 NotebookApp] Saving file at /notebooks/1_Data_Exploration.ipynb
[W 16:22:35.198 NotebookApp] Notebook notebooks/1_Data_Exploration.ipynb is not trusted
[I 16:24:34.931 NotebookApp] Saving file at /notebooks/1_Data_Exploration.ipynb
[W 16:24:34.940 NotebookApp] Notebook notebooks/1_Data_Exploration.ipynb is not trusted
[I 16:26:35.068 NotebookApp] Saving file at /notebooks/1_Data_Exploration.ipynb
[W 16:26:35.076 NotebookApp] Notebook notebooks/1_Data_Exploration.ipynb is not trusted
[I 16:28:34.897 NotebookApp] Saving file at /notebooks/1_Data_Exploration.ipynb
[W 16:28:34.902 NotebookApp] Notebook notebooks/1_Data_Exploration.ipynb is not trusted
[I 16:30:34.861 NotebookApp] Saving file at /notebooks/1_Data_Exploration.ipynb
[W 16:30:34.865 NotebookApp] Notebook notebooks/1_Data_Exploration.ipynb is not trusted
[I 16:38:34.934 NotebookApp] Saving file at /notebooks/1_Data_Exploration.ipynb
[W 16:38:34.938 NotebookApp] Notebook notebooks/1_Data_Exploration.ipynb is not trusted
[I 16:42:35.500 NotebookApp] Saving file at /notebooks/1_Data_Exploration.ipynb
[W 16:42:35.503 NotebookApp] Notebook notebooks/1_Data_Exploration.ipynb is not trusted
[I 16:44:35.163 NotebookApp] Saving file at /notebooks/1_Data_Exploration.ipynb
[W 16:44:35.220 NotebookApp] Notebook notebooks/1_Data_Exploration.ipynb is not trusted
[I 16:46:34.930 NotebookApp] Saving file at /notebooks/1_Data_Exploration.ipynb
[W 16:46:34.933 NotebookApp] Notebook notebooks/1_Data_Exploration.ipynb is not trusted
[I 16:48:34.904 NotebookApp] Saving file at /notebooks/1_Data_Exploration.ipynb
[W 16:48:34.912 NotebookApp] Notebook notebooks/1_Data_Exploration.ipynb is not trusted
[I 16:50:34.914 NotebookApp] Saving file at /notebooks/1_Data_Exploration.ipynb
[W 16:50:34.916 NotebookApp] Notebook notebooks/1_Data_Exploration.ipynb is not trusted
[I 16:52:34.900 NotebookApp] Saving file at /notebooks/1_Data_Exploration.ipynb
[W 16:52:34.903 NotebookApp] Notebook notebooks/1_Data_Exploration.ipynb is not trusted
[I 16:54:34.905 NotebookApp] Saving file at /notebooks/1_Data_Exploration.ipynb
[W 16:54:34.909 NotebookApp] Notebook notebooks/1_Data_Exploration.ipynb is not trusted
[I 16:56:34.896 NotebookApp] Saving file at /notebooks/1_Data_Exploration.ipynb
[W 16:56:34.899 NotebookApp] Notebook notebooks/1_Data_Exploration.ipynb is not trusted
[I 16:58:34.935 NotebookApp] Saving file at /notebooks/1_Data_Exploration.ipynb
[W 16:58:34.941 NotebookApp] Notebook notebooks/1_Data_Exploration.ipynb is not trusted
[I 17:02:34.917 NotebookApp] Saving file at /notebooks/1_Data_Exploration.ipynb
[W 17:02:34.921 NotebookApp] Notebook notebooks/1_Data_Exploration.ipynb is not trusted
[I 17:06:34.924 NotebookApp] Saving file at /notebooks/1_Data_Exploration.ipynb
[W 17:06:34.928 NotebookApp] Notebook notebooks/1_Data_Exploration.ipynb is not trusted
[I 17:08:34.924 NotebookApp] Saving file at /notebooks/1_Data_Exploration.ipynb
[W 17:08:34.928 NotebookApp] Notebook notebooks/1_Data_Exploration.ipynb is not trusted
[W 17:15:06.696 NotebookApp] 404 GET /nbextensions/pydeck/extension.js?v=20200502115016 (127.0.0.1) 5.29ms referer=http://localhost:8888/notebooks/Arvato%20Project%20Workbook.ipynb
[I 17:15:07.429 NotebookApp] Kernel started: 760a29c3-e26a-4c41-a476-7fe4f9535c8e
[W 17:15:07.837 NotebookApp] 404 GET /nbextensions/widgets/notebook/js/extension.js?v=20200502115016 (127.0.0.1) 2.16ms referer=http://localhost:8888/notebooks/Arvato%20Project%20Workbook.ipynb
[I 17:17:17.441 NotebookApp] Saving file at /notebooks/1_Data_Exploration.ipynb
[W 17:17:17.443 NotebookApp] Notebook notebooks/1_Data_Exploration.ipynb is not trusted
[I 17:18:34.979 NotebookApp] Saving file at /notebooks/1_Data_Exploration.ipynb
[W 17:18:34.984 NotebookApp] Notebook notebooks/1_Data_Exploration.ipynb is not trusted
[I 17:20:34.975 NotebookApp] Saving file at /notebooks/1_Data_Exploration.ipynb
[W 17:20:34.992 NotebookApp] Notebook notebooks/1_Data_Exploration.ipynb is not trusted
[I 17:22:34.979 NotebookApp] Saving file at /notebooks/1_Data_Exploration.ipynb
[W 17:22:34.982 NotebookApp] Notebook notebooks/1_Data_Exploration.ipynb is not trusted
[I 17:34:35.023 NotebookApp] Saving file at /notebooks/1_Data_Exploration.ipynb
[W 17:34:35.025 NotebookApp] Notebook notebooks/1_Data_Exploration.ipynb is not trusted
[I 17:34:50.194 NotebookApp] Creating new notebook in /notebooks
[I 17:34:51.397 NotebookApp] Kernel started: c233afcc-247a-4873-be98-b759fe0c9c28
[W 17:34:51.402 NotebookApp] 404 GET /nbextensions/pydeck/extension.js?v=20200502115016 (127.0.0.1) 2.83ms referer=http://localhost:8888/notebooks/notebooks/Untitled.ipynb?kernel_name=python3
[W 17:34:51.466 NotebookApp] 404 GET /nbextensions/widgets/notebook/js/extension.js?v=20200502115016 (127.0.0.1) 2.13ms referer=http://localhost:8888/notebooks/notebooks/Untitled.ipynb?kernel_name=python3
[I 17:36:51.273 NotebookApp] Saving file at /notebooks/2_Supervised_Learning.ipynb
[I 17:38:51.279 NotebookApp] Saving file at /notebooks/2_Supervised_Learning.ipynb
[I 17:40:51.279 NotebookApp] Saving file at /notebooks/2_Supervised_Learning.ipynb
[I 17:42:51.286 NotebookApp] Saving file at /notebooks/2_Supervised_Learning.ipynb
[I 17:44:51.280 NotebookApp] Saving file at /notebooks/2_Supervised_Learning.ipynb
[I 17:46:51.287 NotebookApp] Saving file at /notebooks/2_Supervised_Learning.ipynb
[I 17:48:51.277 NotebookApp] Saving file at /notebooks/2_Supervised_Learning.ipynb
[I 17:50:35.049 NotebookApp] Saving file at /notebooks/1_Data_Exploration.ipynb
[W 17:50:35.051 NotebookApp] Notebook notebooks/1_Data_Exploration.ipynb is not trusted
[I 17:52:35.008 NotebookApp] Saving file at /notebooks/1_Data_Exploration.ipynb
[W 17:52:35.010 NotebookApp] Notebook notebooks/1_Data_Exploration.ipynb is not trusted
[I 17:54:37.305 NotebookApp] Saving file at /notebooks/1_Data_Exploration.ipynb
[W 17:54:37.483 NotebookApp] Notebook notebooks/1_Data_Exploration.ipynb is not trusted
[I 17:56:35.060 NotebookApp] Saving file at /notebooks/1_Data_Exploration.ipynb
[W 17:56:35.063 NotebookApp] Notebook notebooks/1_Data_Exploration.ipynb is not trusted
[I 17:58:35.105 NotebookApp] Saving file at /notebooks/1_Data_Exploration.ipynb
[W 17:58:35.126 NotebookApp] Notebook notebooks/1_Data_Exploration.ipynb is not trusted
[I 18:00:35.033 NotebookApp] Saving file at /notebooks/1_Data_Exploration.ipynb
[W 18:00:35.037 NotebookApp] Notebook notebooks/1_Data_Exploration.ipynb is not trusted
[I 18:02:35.048 NotebookApp] Saving file at /notebooks/1_Data_Exploration.ipynb
[W 18:02:35.052 NotebookApp] Notebook notebooks/1_Data_Exploration.ipynb is not trusted
[I 18:10:35.056 NotebookApp] Saving file at /notebooks/1_Data_Exploration.ipynb
[W 18:10:35.060 NotebookApp] Notebook notebooks/1_Data_Exploration.ipynb is not trusted
[I 18:12:35.199 NotebookApp] Saving file at /notebooks/1_Data_Exploration.ipynb
[W 18:12:35.207 NotebookApp] Notebook notebooks/1_Data_Exploration.ipynb is not trusted
[I 18:14:35.077 NotebookApp] Saving file at /notebooks/1_Data_Exploration.ipynb
[W 18:14:35.084 NotebookApp] Notebook notebooks/1_Data_Exploration.ipynb is not trusted
[I 18:16:35.074 NotebookApp] Saving file at /notebooks/1_Data_Exploration.ipynb
[W 18:16:35.078 NotebookApp] Notebook notebooks/1_Data_Exploration.ipynb is not trusted
[I 18:18:35.047 NotebookApp] Saving file at /notebooks/1_Data_Exploration.ipynb
[W 18:18:35.051 NotebookApp] Notebook notebooks/1_Data_Exploration.ipynb is not trusted
[I 20:12:35.296 NotebookApp] Saving file at /notebooks/1_Data_Exploration.ipynb
[W 20:12:35.299 NotebookApp] Notebook notebooks/1_Data_Exploration.ipynb is not trusted
[I 20:14:35.484 NotebookApp] Saving file at /notebooks/1_Data_Exploration.ipynb
[W 20:14:35.492 NotebookApp] Notebook notebooks/1_Data_Exploration.ipynb is not trusted
[I 20:16:35.738 NotebookApp] Saving file at /notebooks/1_Data_Exploration.ipynb
[W 20:16:35.762 NotebookApp] Notebook notebooks/1_Data_Exploration.ipynb is not trusted
[I 20:18:35.305 NotebookApp] Saving file at /notebooks/1_Data_Exploration.ipynb
[W 20:18:35.313 NotebookApp] Notebook notebooks/1_Data_Exploration.ipynb is not trusted
[I 20:19:59.052 NotebookApp] Starting buffering for c233afcc-247a-4873-be98-b759fe0c9c28:314cd267da564f488868caaa7e05c28d
[I 20:20:04.538 NotebookApp] Kernel shutdown: c233afcc-247a-4873-be98-b759fe0c9c28
[I 20:20:35.720 NotebookApp] Saving file at /notebooks/1_Data_Exploration.ipynb
[W 20:20:35.723 NotebookApp] Notebook notebooks/1_Data_Exploration.ipynb is not trusted
[I 20:22:35.239 NotebookApp] Saving file at /notebooks/1_Data_Exploration.ipynb
[W 20:22:35.243 NotebookApp] Notebook notebooks/1_Data_Exploration.ipynb is not trusted
[I 23:04:15.246 NotebookApp] Starting buffering for 7c4c862f-b0e9-4012-992c-04e25f0cde18:99b7c97523bb43d7b789a57190ec7012
[I 23:04:20.572 NotebookApp] Kernel shutdown: 7c4c862f-b0e9-4012-992c-04e25f0cde18
[I 23:04:20.582 NotebookApp] Starting buffering for 760a29c3-e26a-4c41-a476-7fe4f9535c8e:865c04da8e3c46258d74bfff7314aab1
[I 23:04:31.462 NotebookApp] Copying notebooks/1_Data_Exploration.ipynb to /notebooks
[W 23:04:31.702 NotebookApp] Notebook notebooks/1_Data_Exploration.ipynb is not trusted
[W 23:04:31.865 NotebookApp] Notebook notebooks/1_Data_Exploration-Copy1.ipynb is not trusted
[W 23:04:59.190 NotebookApp] Notebook notebooks/1_Data_Exploration-Copy1.ipynb is not trusted
[W 23:04:59.327 NotebookApp] 404 GET /nbextensions/pydeck/extension.js?v=20200502115016 (127.0.0.1) 15.98ms referer=http://localhost:8888/notebooks/notebooks/1_Data_Exploration-Copy1.ipynb
[I 23:05:05.623 NotebookApp] Kernel started: 77d30d26-f6a1-4d1d-b1b9-f3899f6b46ec
[W 23:05:06.787 NotebookApp] 404 GET /nbextensions/widgets/notebook/js/extension.js?v=20200502115016 (127.0.0.1) 3.10ms referer=http://localhost:8888/notebooks/notebooks/1_Data_Exploration-Copy1.ipynb
[I 23:07:05.552 NotebookApp] Saving file at /notebooks/1_Data_Exploration-Copy1.ipynb
[W 23:07:05.555 NotebookApp] Notebook notebooks/1_Data_Exploration-Copy1.ipynb is not trusted
[I 23:09:05.539 NotebookApp] Saving file at /notebooks/1_Data_Exploration-Copy1.ipynb
[W 23:09:05.544 NotebookApp] Notebook notebooks/1_Data_Exploration-Copy1.ipynb is not trusted
[I 23:11:05.557 NotebookApp] Saving file at /notebooks/1_Data_Exploration-Copy1.ipynb
[W 23:11:05.561 NotebookApp] Notebook notebooks/1_Data_Exploration-Copy1.ipynb is not trusted
[I 23:13:05.592 NotebookApp] Saving file at /notebooks/1_Data_Exploration-Copy1.ipynb
[W 23:13:05.600 NotebookApp] Notebook notebooks/1_Data_Exploration-Copy1.ipynb is not trusted
[I 23:15:07.743 NotebookApp] Saving file at /notebooks/1_Data_Exploration-Copy1.ipynb
[W 23:15:07.790 NotebookApp] Notebook notebooks/1_Data_Exploration-Copy1.ipynb is not trusted
[I 23:17:05.644 NotebookApp] Saving file at /notebooks/1_Data_Exploration-Copy1.ipynb
[W 23:17:07.239 NotebookApp] Notebook notebooks/1_Data_Exploration-Copy1.ipynb is not trusted
[I 23:19:05.737 NotebookApp] Saving file at /notebooks/1_Data_Exploration-Copy1.ipynb
[W 23:19:05.742 NotebookApp] Notebook notebooks/1_Data_Exploration-Copy1.ipynb is not trusted
[I 23:21:05.565 NotebookApp] Saving file at /notebooks/1_Data_Exploration-Copy1.ipynb
[W 23:21:05.569 NotebookApp] Notebook notebooks/1_Data_Exploration-Copy1.ipynb is not trusted
[I 23:23:05.603 NotebookApp] Saving file at /notebooks/1_Data_Exploration-Copy1.ipynb
[W 23:23:05.606 NotebookApp] Notebook notebooks/1_Data_Exploration-Copy1.ipynb is not trusted
[I 23:25:05.552 NotebookApp] Saving file at /notebooks/1_Data_Exploration-Copy1.ipynb
[W 23:25:05.554 NotebookApp] Notebook notebooks/1_Data_Exploration-Copy1.ipynb is not trusted
[I 23:27:05.578 NotebookApp] Saving file at /notebooks/1_Data_Exploration-Copy1.ipynb
[W 23:27:05.583 NotebookApp] Notebook notebooks/1_Data_Exploration-Copy1.ipynb is not trusted
[I 23:29:05.559 NotebookApp] Saving file at /notebooks/1_Data_Exploration-Copy1.ipynb
[W 23:29:05.561 NotebookApp] Notebook notebooks/1_Data_Exploration-Copy1.ipynb is not trusted
[I 23:31:05.575 NotebookApp] Saving file at /notebooks/1_Data_Exploration-Copy1.ipynb
[W 23:31:05.580 NotebookApp] Notebook notebooks/1_Data_Exploration-Copy1.ipynb is not trusted
[I 23:37:05.569 NotebookApp] Saving file at /notebooks/1_Data_Exploration-Copy1.ipynb
[W 23:37:05.574 NotebookApp] Notebook notebooks/1_Data_Exploration-Copy1.ipynb is not trusted
[I 23:39:05.604 NotebookApp] Saving file at /notebooks/1_Data_Exploration-Copy1.ipynb
[W 23:39:05.607 NotebookApp] Notebook notebooks/1_Data_Exploration-Copy1.ipynb is not trusted
[I 23:41:05.585 NotebookApp] Saving file at /notebooks/1_Data_Exploration-Copy1.ipynb
[W 23:41:05.588 NotebookApp] Notebook notebooks/1_Data_Exploration-Copy1.ipynb is not trusted
[I 23:43:05.588 NotebookApp] Saving file at /notebooks/1_Data_Exploration-Copy1.ipynb
[W 23:43:05.591 NotebookApp] Notebook notebooks/1_Data_Exploration-Copy1.ipynb is not trusted
[I 23:45:05.593 NotebookApp] Saving file at /notebooks/1_Data_Exploration-Copy1.ipynb
[W 23:45:05.602 NotebookApp] Notebook notebooks/1_Data_Exploration-Copy1.ipynb is not trusted
[I 23:47:05.593 NotebookApp] Saving file at /notebooks/1_Data_Exploration-Copy1.ipynb
[W 23:47:05.598 NotebookApp] Notebook notebooks/1_Data_Exploration-Copy1.ipynb is not trusted
[I 23:49:05.645 NotebookApp] Saving file at /notebooks/1_Data_Exploration-Copy1.ipynb
[W 23:49:05.650 NotebookApp] Notebook notebooks/1_Data_Exploration-Copy1.ipynb is not trusted
[I 23:51:05.659 NotebookApp] Saving file at /notebooks/1_Data_Exploration-Copy1.ipynb
[W 23:51:05.663 NotebookApp] Notebook notebooks/1_Data_Exploration-Copy1.ipynb is not trusted
[I 23:53:05.645 NotebookApp] Saving file at /notebooks/1_Data_Exploration-Copy1.ipynb
[W 23:53:05.649 NotebookApp] Notebook notebooks/1_Data_Exploration-Copy1.ipynb is not trusted
[W 23:53:20.410 NotebookApp] Notebook notebooks/1_Data_Exploration_hasta_aqui_todo_OK_mipanamiguel.ipynb is not trusted
[W 23:53:20.511 NotebookApp] 404 GET /nbextensions/pydeck/extension.js?v=20200502115016 (127.0.0.1) 4.51ms referer=http://localhost:8888/notebooks/notebooks/1_Data_Exploration_hasta_aqui_todo_OK_mipanamiguel.ipynb
[I 23:53:25.560 NotebookApp] Kernel started: 79998cbf-fd90-4326-b747-885b720589f3
[W 23:53:52.094 NotebookApp] 404 GET /nbextensions/widgets/notebook/js/extension.js?v=20200502115016 (127.0.0.1) 3.54ms referer=http://localhost:8888/notebooks/notebooks/1_Data_Exploration_hasta_aqui_todo_OK_mipanamiguel.ipynb
[I 23:55:05.657 NotebookApp] Saving file at /notebooks/1_Data_Exploration-Copy1.ipynb
[W 23:55:05.662 NotebookApp] Notebook notebooks/1_Data_Exploration-Copy1.ipynb is not trusted
[I 23:57:05.671 NotebookApp] Saving file at /notebooks/1_Data_Exploration-Copy1.ipynb
[W 23:57:05.676 NotebookApp] Notebook notebooks/1_Data_Exploration-Copy1.ipynb is not trusted
[I 23:59:05.670 NotebookApp] Saving file at /notebooks/1_Data_Exploration-Copy1.ipynb
[W 23:59:05.673 NotebookApp] Notebook notebooks/1_Data_Exploration-Copy1.ipynb is not trusted
[I 00:01:06.340 NotebookApp] Saving file at /notebooks/1_Data_Exploration-Copy1.ipynb
[W 00:01:06.393 NotebookApp] Notebook notebooks/1_Data_Exploration-Copy1.ipynb is not trusted
[I 00:03:05.691 NotebookApp] Saving file at /notebooks/1_Data_Exploration-Copy1.ipynb
[W 00:03:05.699 NotebookApp] Notebook notebooks/1_Data_Exploration-Copy1.ipynb is not trusted
[I 00:05:05.625 NotebookApp] Saving file at /notebooks/1_Data_Exploration-Copy1.ipynb
[W 00:05:05.627 NotebookApp] Notebook notebooks/1_Data_Exploration-Copy1.ipynb is not trusted
[I 00:07:05.616 NotebookApp] Saving file at /notebooks/1_Data_Exploration-Copy1.ipynb
[W 00:07:05.618 NotebookApp] Notebook notebooks/1_Data_Exploration-Copy1.ipynb is not trusted
[I 00:09:05.627 NotebookApp] Saving file at /notebooks/1_Data_Exploration-Copy1.ipynb
[W 00:09:05.631 NotebookApp] Notebook notebooks/1_Data_Exploration-Copy1.ipynb is not trusted
[I 00:11:05.635 NotebookApp] Saving file at /notebooks/1_Data_Exploration-Copy1.ipynb
[W 00:11:05.638 NotebookApp] Notebook notebooks/1_Data_Exploration-Copy1.ipynb is not trusted
[I 00:13:05.647 NotebookApp] Saving file at /notebooks/1_Data_Exploration-Copy1.ipynb
[W 00:13:05.653 NotebookApp] Notebook notebooks/1_Data_Exploration-Copy1.ipynb is not trusted
[I 00:14:25.732 NotebookApp] Creating new directory in /data
[W 00:14:59.658 NotebookApp] delete /data/models/model_10
[W 00:14:59.693 NotebookApp] delete /data/models/model_30
[W 00:14:59.696 NotebookApp] delete /data/models/model_40
[W 00:14:59.700 NotebookApp] delete /data/models/model_50trees
[W 00:14:59.704 NotebookApp] delete /data/models/XGBoost_model_python_1588175469510_1.zip
[W 00:14:59.710 NotebookApp] delete /data/models/h2o-genmodel.jar
[W 00:14:59.713 NotebookApp] delete /data/models/model_20
[I 00:15:05.642 NotebookApp] Saving file at /notebooks/1_Data_Exploration-Copy1.ipynb
[W 00:15:05.644 NotebookApp] Notebook notebooks/1_Data_Exploration-Copy1.ipynb is not trusted
[I 00:17:05.643 NotebookApp] Saving file at /notebooks/1_Data_Exploration-Copy1.ipynb
[W 00:17:05.647 NotebookApp] Notebook notebooks/1_Data_Exploration-Copy1.ipynb is not trusted
[I 00:19:05.640 NotebookApp] Saving file at /notebooks/1_Data_Exploration-Copy1.ipynb
[W 00:19:05.642 NotebookApp] Notebook notebooks/1_Data_Exploration-Copy1.ipynb is not trusted
[I 00:21:05.635 NotebookApp] Saving file at /notebooks/1_Data_Exploration-Copy1.ipynb
[W 00:21:05.639 NotebookApp] Notebook notebooks/1_Data_Exploration-Copy1.ipynb is not trusted
[I 00:23:05.648 NotebookApp] Saving file at /notebooks/1_Data_Exploration-Copy1.ipynb
[W 00:23:05.654 NotebookApp] Notebook notebooks/1_Data_Exploration-Copy1.ipynb is not trusted
[I 00:24:31.296 NotebookApp] Creating new file in /data/pipeline
[I 00:24:37.259 NotebookApp] Creating new file in /data/pipeline
[I 00:25:05.658 NotebookApp] Saving file at /notebooks/1_Data_Exploration-Copy1.ipynb
[W 00:25:05.662 NotebookApp] Notebook notebooks/1_Data_Exploration-Copy1.ipynb is not trusted
[I 00:27:05.812 NotebookApp] Saving file at /notebooks/1_Data_Exploration-Copy1.ipynb
[W 00:27:05.817 NotebookApp] Notebook notebooks/1_Data_Exploration-Copy1.ipynb is not trusted
[I 00:29:06.204 NotebookApp] Saving file at /notebooks/1_Data_Exploration-Copy1.ipynb
[W 00:29:06.288 NotebookApp] Notebook notebooks/1_Data_Exploration-Copy1.ipynb is not trusted
[I 00:31:05.669 NotebookApp] Saving file at /notebooks/1_Data_Exploration-Copy1.ipynb
[W 00:31:05.671 NotebookApp] Notebook notebooks/1_Data_Exploration-Copy1.ipynb is not trusted
[I 00:33:05.672 NotebookApp] Saving file at /notebooks/1_Data_Exploration-Copy1.ipynb
[W 00:33:05.675 NotebookApp] Notebook notebooks/1_Data_Exploration-Copy1.ipynb is not trusted
[I 00:35:05.750 NotebookApp] Saving file at /notebooks/1_Data_Exploration-Copy1.ipynb
[W 00:35:05.754 NotebookApp] Notebook notebooks/1_Data_Exploration-Copy1.ipynb is not trusted
[I 00:37:05.712 NotebookApp] Saving file at /notebooks/1_Data_Exploration-Copy1.ipynb
[W 00:37:05.719 NotebookApp] Notebook notebooks/1_Data_Exploration-Copy1.ipynb is not trusted
[I 00:39:05.731 NotebookApp] Saving file at /notebooks/1_Data_Exploration-Copy1.ipynb
[W 00:39:05.735 NotebookApp] Notebook notebooks/1_Data_Exploration-Copy1.ipynb is not trusted
[I 00:43:05.705 NotebookApp] Saving file at /notebooks/1_Data_Exploration-Copy1.ipynb
[W 00:43:05.710 NotebookApp] Notebook notebooks/1_Data_Exploration-Copy1.ipynb is not trusted
[I 00:45:05.698 NotebookApp] Saving file at /notebooks/1_Data_Exploration-Copy1.ipynb
[W 00:45:05.702 NotebookApp] Notebook notebooks/1_Data_Exploration-Copy1.ipynb is not trusted
[I 00:47:05.708 NotebookApp] Saving file at /notebooks/1_Data_Exploration-Copy1.ipynb
[W 00:47:05.711 NotebookApp] Notebook notebooks/1_Data_Exploration-Copy1.ipynb is not trusted
[I 00:49:05.760 NotebookApp] Saving file at /notebooks/1_Data_Exploration-Copy1.ipynb
[W 00:49:05.767 NotebookApp] Notebook notebooks/1_Data_Exploration-Copy1.ipynb is not trusted
[I 00:51:05.879 NotebookApp] Saving file at /notebooks/1_Data_Exploration-Copy1.ipynb
[W 00:51:05.883 NotebookApp] Notebook notebooks/1_Data_Exploration-Copy1.ipynb is not trusted
[I 00:53:05.810 NotebookApp] Saving file at /notebooks/1_Data_Exploration-Copy1.ipynb
[W 00:53:05.816 NotebookApp] Notebook notebooks/1_Data_Exploration-Copy1.ipynb is not trusted
[I 00:55:05.703 NotebookApp] Saving file at /notebooks/1_Data_Exploration-Copy1.ipynb
[W 00:55:05.707 NotebookApp] Notebook notebooks/1_Data_Exploration-Copy1.ipynb is not trusted
[I 00:57:05.715 NotebookApp] Saving file at /notebooks/1_Data_Exploration-Copy1.ipynb
[W 00:57:05.722 NotebookApp] Notebook notebooks/1_Data_Exploration-Copy1.ipynb is not trusted
[I 00:59:05.789 NotebookApp] Saving file at /notebooks/1_Data_Exploration-Copy1.ipynb
[W 00:59:05.792 NotebookApp] Notebook notebooks/1_Data_Exploration-Copy1.ipynb is not trusted
[I 01:00:08.619 NotebookApp] KernelRestarter: restarting kernel (1/5), keep random ports
kernel 77d30d26-f6a1-4d1d-b1b9-f3899f6b46ec restarted
[I 01:00:52.980 NotebookApp] Starting buffering for 77d30d26-f6a1-4d1d-b1b9-f3899f6b46ec:f21cd41fd4214f2095a5bb50f9c73692
[I 01:00:53.441 NotebookApp] Kernel restarted: 77d30d26-f6a1-4d1d-b1b9-f3899f6b46ec
[I 01:00:54.305 NotebookApp] Restoring connection for 77d30d26-f6a1-4d1d-b1b9-f3899f6b46ec:f21cd41fd4214f2095a5bb50f9c73692
[I 01:00:54.307 NotebookApp] Replaying 6 buffered messages
[I 01:01:06.018 NotebookApp] Saving file at /notebooks/1_Data_Exploration-Copy1.ipynb
[W 01:01:06.030 NotebookApp] Notebook notebooks/1_Data_Exploration-Copy1.ipynb is not trusted
[I 01:02:11.997 NotebookApp] Starting buffering for 77d30d26-f6a1-4d1d-b1b9-f3899f6b46ec:f21cd41fd4214f2095a5bb50f9c73692
[I 01:02:15.595 NotebookApp] Starting buffering for 79998cbf-fd90-4326-b747-885b720589f3:7e6d3f0a1458452b89c264e36b749ade
[I 01:02:24.126 NotebookApp] Kernel shutdown: 760a29c3-e26a-4c41-a476-7fe4f9535c8e
[I 01:02:27.870 NotebookApp] Kernel shutdown: 79998cbf-fd90-4326-b747-885b720589f3
[I 01:02:28.248 NotebookApp] Kernel shutdown: 77d30d26-f6a1-4d1d-b1b9-f3899f6b46ec
[C 01:22:18.376 NotebookApp] received signal 15, stopping
[I 01:22:18.432 NotebookApp] Shutting down 0 kernels
